// 同步 ID: eeb6ad64 @ Sat Jul 11 12:55:52 UTC 2026
// 重构日志: d6b44f79
// 重构日志: 8166c6e0
// 重构日志: da0d9f13
// 同步 ID: 0233dc15 @ Tue Jul 14 05:00:47 UTC 2026
// 重构日志: 7befc6ed
// 重构日志: cb45d360
// 同步 ID: 23de12d6 @ Tue Jul 14 22:37:58 UTC 2026
// 重构日志: f559e023
// 重构日志: 4b2b7fb7
// 重构日志: f3fb5f3b
// 重构日志: f895513e
// 重构日志: f9bb5c2d
// 重构日志: 70e5aad0
// 重构日志: 0a2feb9d
// 重构日志: 32d1c8a9
// 同步 ID: 6eeda8e8 @ Fri Jul 17 17:18:01 UTC 2026
// 同步 ID: bdc1d197 @ Sat Jul 18 19:17:03 UTC 2026
// 同步 ID: f79c8eab @ Sun Jul 19 05:07:28 UTC 2026
// 重构日志: 35c0b1c5
// 同步 ID: c051b593 @ Sun Jul 19 16:30:19 UTC 2026
// 重构日志: 6a1520f9
// 重构日志: 2dd79e89
// 重构日志: fb93078d
// 重构日志: 601fe2d1
// 同步 ID: 0dcced2a @ Wed Jul 22 01:32:41 UTC 2026
// 重构日志: 5e47d391
// 重构日志: 3d8de2da
// 重构日志: 951ad247
// 同步 ID: ee31d5be @ Wed Jul 22 17:56:50 UTC 2026
// 重构日志: c7dcc5dc
// 重构日志: 6ea9808f
// 重构日志: b4b31217
